TN:
SF:plugins/hello-world/index.ts
FN:31,(anonymous_0)
FN:42,(anonymous_1)
FN:57,(anonymous_2)
FN:61,(anonymous_3)
FN:78,(anonymous_4)
FN:97,(anonymous_5)
FNF:6
FNH:5
FNDA:1,(anonymous_0)
FNDA:8,(anonymous_1)
FNDA:5,(anonymous_2)
FNDA:4,(anonymous_3)
FNDA:4,(anonymous_4)
FNDA:0,(anonymous_5)
DA:32,1
DA:43,8
DA:45,8
DA:49,8
DA:50,8
DA:53,1
DA:57,8
DA:58,5
DA:62,4
DA:65,5
DA:68,8
DA:80,4
DA:81,4
DA:82,4
DA:85,0
DA:89,4
DA:94,4
DA:103,1
LF:18
LH:17
BRDA:62,0,0,4
BRDA:62,0,1,2
BRDA:80,1,0,4
BRDA:80,1,1,0
BRF:4
BRH:3
end_of_record
TN:
SF:src/dynamic_import.ts
FN:16,loadPlugin
FN:19,(anonymous_11)
FN:39,(anonymous_12)
FNF:3
FNH:0
FNDA:0,loadPlugin
FNDA:0,(anonymous_11)
FNDA:0,(anonymous_12)
DA:8,0
DA:17,0
DA:19,0
DA:22,0
DA:23,0
DA:25,0
DA:29,0
DA:30,0
DA:32,0
DA:34,0
DA:39,0
DA:40,0
DA:42,0
DA:43,0
DA:44,0
DA:50,0
LF:16
LH:0
BRDA:22,0,0,0
BRDA:22,0,1,0
BRDA:22,1,0,0
BRDA:22,1,1,0
BRDA:22,1,2,0
BRDA:29,2,0,0
BRDA:29,2,1,0
BRF:7
BRH:0
end_of_record
TN:
SF:src/index.ts
FN:31,main
FN:104,(anonymous_10)
FN:112,(anonymous_11)
FN:120,(anonymous_12)
FN:125,(anonymous_13)
FN:131,(anonymous_14)
FNF:6
FNH:0
FNDA:0,main
FNDA:0,(anonymous_10)
FNDA:0,(anonymous_11)
FNDA:0,(anonymous_12)
FNDA:0,(anonymous_13)
FNDA:0,(anonymous_14)
DA:19,0
DA:20,0
DA:21,0
DA:22,0
DA:23,0
DA:24,0
DA:25,0
DA:26,0
DA:33,0
DA:34,0
DA:35,0
DA:36,0
DA:37,0
DA:39,0
DA:42,0
DA:43,0
DA:49,0
DA:53,0
DA:64,0
DA:65,0
DA:67,0
DA:68,0
DA:72,0
DA:76,0
DA:80,0
DA:81,0
DA:82,0
DA:85,0
DA:86,0
DA:88,0
DA:89,0
DA:93,0
DA:96,0
DA:98,0
DA:104,0
DA:105,0
DA:106,0
DA:112,0
DA:113,0
DA:114,0
DA:120,0
DA:121,0
DA:122,0
DA:125,0
DA:126,0
DA:127,0
DA:131,0
DA:132,0
DA:133,0
LF:49
LH:0
BRDA:80,0,0,0
BRF:1
BRH:0
end_of_record
TN:
SF:src/bus/MessageBus.ts
FN:32,(anonymous_0)
FN:45,(anonymous_1)
FN:58,(anonymous_2)
FN:67,(anonymous_3)
FN:73,(anonymous_4)
FN:92,(anonymous_5)
FN:103,(anonymous_6)
FN:123,(anonymous_7)
FN:135,(anonymous_8)
FN:136,(anonymous_9)
FN:148,(anonymous_10)
FN:155,(anonymous_11)
FN:162,(anonymous_12)
FN:170,(anonymous_13)
FNF:14
FNH:13
FNDA:34,(anonymous_0)
FNDA:32,(anonymous_1)
FNDA:5,(anonymous_2)
FNDA:5,(anonymous_3)
FNDA:5,(anonymous_4)
FNDA:14,(anonymous_5)
FNDA:18,(anonymous_6)
FNDA:1,(anonymous_7)
FNDA:1,(anonymous_8)
FNDA:0,(anonymous_9)
FNDA:3,(anonymous_10)
FNDA:5,(anonymous_11)
FNDA:1,(anonymous_12)
FNDA:1,(anonymous_13)
DA:27,3
DA:33,34
DA:34,34
DA:35,34
DA:46,32
DA:47,20
DA:50,32
DA:51,32
DA:53,32
DA:55,32
DA:58,32
DA:68,5
DA:69,5
DA:70,1
DA:73,5
DA:74,4
DA:75,4
DA:76,4
DA:80,4
DA:81,2
DA:93,14
DA:94,14
DA:95,5
DA:96,5
DA:99,9
DA:102,9
DA:104,18
DA:105,18
DA:107,2
DA:124,1
DA:125,1
DA:126,0
DA:127,0
DA:130,1
DA:133,1
DA:134,1
DA:135,1
DA:137,0
DA:149,3
DA:156,5
DA:163,1
DA:164,1
DA:171,1
DA:172,1
LF:44
LH:41
BRDA:46,0,0,20
BRDA:69,1,0,1
BRDA:74,2,0,4
BRDA:80,3,0,2
BRDA:94,4,0,5
BRDA:94,5,0,14
BRDA:94,5,1,9
BRDA:125,6,0,0
BRDA:125,7,0,1
BRDA:125,7,1,1
BRDA:156,8,0,5
BRDA:156,8,1,2
BRF:12
BRH:11
end_of_record
TN:
SF:src/cli/MinimalREPL.ts
FN:27,(anonymous_9)
FN:37,(anonymous_10)
FN:48,(anonymous_11)
FN:58,(anonymous_12)
FN:65,(anonymous_13)
FN:82,(anonymous_14)
FN:127,(anonymous_15)
FN:137,(anonymous_16)
FN:148,(anonymous_17)
FNF:9
FNH:0
FNDA:0,(anonymous_9)
FNDA:0,(anonymous_10)
FNDA:0,(anonymous_11)
FNDA:0,(anonymous_12)
FNDA:0,(anonymous_13)
FNDA:0,(anonymous_14)
FNDA:0,(anonymous_15)
FNDA:0,(anonymous_16)
FNDA:0,(anonymous_17)
DA:19,0
DA:27,0
DA:28,0
DA:29,0
DA:39,0
DA:45,0
DA:48,0
DA:49,0
DA:52,0
DA:53,0
DA:58,0
DA:59,0
DA:60,0
DA:65,0
DA:66,0
DA:67,0
DA:71,0
DA:83,0
DA:85,0
DA:88,0
DA:89,0
DA:93,0
DA:94,0
DA:98,0
DA:101,0
DA:102,0
DA:105,0
DA:106,0
DA:109,0
DA:110,0
DA:114,0
DA:115,0
DA:117,0
DA:128,0
DA:129,0
DA:138,0
DA:139,0
DA:140,0
DA:149,0
DA:150,0
DA:153,0
DA:156,0
DA:157,0
DA:158,0
DA:161,0
DA:162,0
LF:46
LH:0
BRDA:52,0,0,0
BRDA:52,1,0,0
BRDA:52,1,1,0
BRDA:59,2,0,0
BRDA:88,3,0,0
BRDA:98,4,0,0
BRDA:98,4,1,0
BRDA:98,4,2,0
BRDA:98,4,3,0
BRDA:114,5,0,0
BRDA:114,5,1,0
BRDA:149,6,0,0
BRDA:156,7,0,0
BRF:13
BRH:0
end_of_record
TN:
SF:src/cli/repl-entry.ts
FNF:0
FNH:0
DA:14,0
DA:17,0
DA:18,0
LF:3
LH:0
BRF:0
BRH:0
end_of_record
TN:
SF:src/core/Config.ts
FN:15,(anonymous_0)
FN:26,(anonymous_1)
FN:38,(anonymous_2)
FN:49,(anonymous_3)
FN:60,(anonymous_4)
FN:70,(anonymous_5)
FN:88,(anonymous_6)
FN:106,(anonymous_7)
FN:124,(anonymous_8)
FN:131,(anonymous_9)
FNF:10
FNH:1
FNDA:18,(anonymous_0)
FNDA:0,(anonymous_1)
FNDA:0,(anonymous_2)
FNDA:0,(anonymous_3)
FNDA:0,(anonymous_4)
FNDA:0,(anonymous_5)
FNDA:0,(anonymous_6)
FNDA:0,(anonymous_7)
FNDA:0,(anonymous_8)
FNDA:0,(anonymous_9)
DA:12,2
DA:16,18
DA:27,0
DA:28,0
DA:39,0
DA:40,0
DA:50,0
DA:51,0
DA:61,0
DA:62,0
DA:71,0
DA:72,0
DA:74,0
DA:75,0
DA:76,0
DA:80,0
DA:89,0
DA:90,0
DA:92,0
DA:93,0
DA:94,0
DA:98,0
DA:107,0
DA:108,0
DA:110,0
DA:111,0
DA:112,0
DA:116,0
DA:117,0
DA:125,0
DA:132,0
LF:31
LH:2
BRDA:27,0,0,0
BRDA:27,0,1,0
BRDA:39,1,0,0
BRDA:39,1,1,0
BRDA:50,2,0,0
BRDA:50,2,1,0
BRDA:61,3,0,0
BRDA:61,3,1,0
BRDA:75,4,0,0
BRDA:93,5,0,0
BRDA:111,6,0,0
BRF:11
BRH:0
end_of_record
TN:
SF:src/core/Logger.ts
FN:19,(anonymous_1)
FN:28,(anonymous_2)
FN:35,(anonymous_3)
FN:42,(anonymous_4)
FN:49,(anonymous_5)
FN:58,(anonymous_6)
FN:67,(anonymous_7)
FN:76,(anonymous_8)
FN:90,(anonymous_9)
FN:97,(anonymous_10)
FNF:10
FNH:8
FNDA:57,(anonymous_1)
FNDA:9,(anonymous_2)
FNDA:0,(anonymous_3)
FNDA:0,(anonymous_4)
FNDA:116,(anonymous_5)
FNDA:8,(anonymous_6)
FNDA:1,(anonymous_7)
FNDA:4,(anonymous_8)
FNDA:8,(anonymous_9)
FNDA:129,(anonymous_10)
DA:8,4
DA:15,4
DA:20,57
DA:21,57
DA:29,9
DA:36,0
DA:43,0
DA:50,116
DA:51,0
DA:59,8
DA:60,0
DA:68,1
DA:69,0
DA:77,4
DA:78,4
DA:79,4
DA:80,4
DA:81,0
DA:82,0
DA:91,8
DA:98,129
DA:99,129
DA:100,129
DA:102,129
LF:24
LH:17
BRDA:19,0,0,0
BRDA:19,1,0,0
BRDA:50,2,0,0
BRDA:59,3,0,0
BRDA:68,4,0,0
BRDA:77,5,0,4
BRDA:79,6,0,4
BRDA:79,6,1,0
BRDA:80,7,0,4
BRDA:80,7,1,0
BRDA:81,8,0,0
BRF:11
BRH:3
end_of_record
TN:
SF:src/core/ServiceContainer.ts
FN:26,(anonymous_0)
FN:37,(anonymous_1)
FN:50,(anonymous_2)
FN:64,(anonymous_3)
FN:90,(anonymous_4)
FN:99,(anonymous_5)
FN:108,(anonymous_6)
FN:118,(anonymous_7)
FNF:8
FNH:4
FNDA:18,(anonymous_0)
FNDA:9,(anonymous_1)
FNDA:0,(anonymous_2)
FNDA:10,(anonymous_3)
FNDA:0,(anonymous_4)
FNDA:1,(anonymous_5)
FNDA:0,(anonymous_6)
FNDA:0,(anonymous_7)
DA:22,2
DA:27,18
DA:28,18
DA:38,9
DA:39,0
DA:41,9
DA:51,0
DA:52,0
DA:54,0
DA:66,10
DA:67,8
DA:71,2
DA:72,0
DA:73,0
DA:76,0
DA:77,0
DA:79,0
DA:82,2
DA:91,0
DA:100,1
DA:101,1
DA:102,1
DA:109,0
DA:119,0
DA:120,0
LF:25
LH:12
BRDA:38,0,0,0
BRDA:38,1,0,9
BRDA:38,1,1,9
BRDA:51,2,0,0
BRDA:51,3,0,0
BRDA:51,3,1,0
BRDA:66,4,0,8
BRDA:71,5,0,0
BRDA:91,6,0,0
BRDA:91,6,1,0
BRDA:102,7,0,1
BRDA:102,7,1,0
BRF:12
BRH:4
end_of_record
TN:
SF:src/hooks/HookRegistry.ts
FN:37,(anonymous_0)
FN:51,(anonymous_1)
FN:67,(anonymous_2)
FN:72,(anonymous_3)
FN:81,(anonymous_4)
FN:87,(anonymous_5)
FN:102,(anonymous_6)
FN:136,(anonymous_7)
FN:147,(anonymous_8)
FN:163,(anonymous_9)
FN:170,(anonymous_10)
FN:177,(anonymous_11)
FN:185,(anonymous_12)
FNF:13
FNH:13
FNDA:32,(anonymous_0)
FNDA:40,(anonymous_1)
FNDA:25,(anonymous_2)
FNDA:1,(anonymous_3)
FNDA:1,(anonymous_4)
FNDA:2,(anonymous_5)
FNDA:10,(anonymous_6)
FNDA:6,(anonymous_7)
FNDA:12,(anonymous_8)
FNDA:2,(anonymous_9)
FNDA:2,(anonymous_10)
FNDA:1,(anonymous_11)
FNDA:1,(anonymous_12)
DA:32,3
DA:38,32
DA:39,32
DA:40,32
DA:56,40
DA:57,24
DA:60,40
DA:61,40
DA:63,40
DA:64,40
DA:67,40
DA:69,40
DA:72,40
DA:82,1
DA:83,1
DA:84,0
DA:87,2
DA:88,1
DA:89,1
DA:90,1
DA:103,10
DA:104,10
DA:105,1
DA:106,1
DA:109,9
DA:111,9
DA:113,9
DA:114,16
DA:115,16
DA:116,15
DA:118,1
DA:126,9
DA:137,6
DA:138,6
DA:139,1
DA:140,1
DA:143,5
DA:146,5
DA:148,12
DA:149,12
DA:151,1
DA:164,2
DA:171,2
DA:178,1
DA:179,1
DA:186,1
DA:187,1
LF:47
LH:46
BRDA:54,0,0,37
BRDA:56,1,0,24
BRDA:83,2,0,0
BRDA:88,3,0,1
BRDA:104,4,0,1
BRDA:104,5,0,10
BRDA:104,5,1,9
BRDA:138,6,0,1
BRDA:138,7,0,6
BRDA:138,7,1,5
BRDA:171,8,0,2
BRDA:171,8,1,1
BRF:12
BRH:11
end_of_record
TN:
SF:src/plugins/PluginManager.ts
FN:46,(anonymous_9)
FN:71,(anonymous_10)
FN:109,(anonymous_11)
FN:112,(anonymous_12)
FN:138,(anonymous_13)
FN:143,(anonymous_14)
FN:185,(anonymous_15)
FN:249,(anonymous_16)
FN:256,(anonymous_17)
FN:263,(anonymous_18)
FN:274,(anonymous_19)
FN:285,(anonymous_20)
FN:292,(anonymous_21)
FN:293,(anonymous_22)
FN:300,(anonymous_23)
FNF:15
FNH:6
FNDA:9,(anonymous_9)
FNDA:0,(anonymous_10)
FNDA:0,(anonymous_11)
FNDA:0,(anonymous_12)
FNDA:8,(anonymous_13)
FNDA:32,(anonymous_14)
FNDA:0,(anonymous_15)
FNDA:0,(anonymous_16)
FNDA:1,(anonymous_17)
FNDA:0,(anonymous_18)
FNDA:0,(anonymous_19)
FNDA:1,(anonymous_20)
FNDA:1,(anonymous_21)
FNDA:0,(anonymous_22)
FNDA:0,(anonymous_23)
DA:13,1
DA:14,1
DA:15,1
DA:36,1
DA:55,9
DA:56,9
DA:57,9
DA:58,9
DA:59,9
DA:60,9
DA:61,9
DA:62,9
DA:72,0
DA:74,0
DA:75,0
DA:76,0
DA:77,0
DA:80,0
DA:82,0
DA:83,0
DA:84,0
DA:87,0
DA:88,0
DA:89,0
DA:91,0
DA:92,0
DA:93,0
DA:98,0
DA:99,0
DA:110,0
DA:112,0
DA:115,0
DA:117,0
DA:118,0
DA:121,0
DA:122,0
DA:125,0
DA:126,0
DA:139,8
DA:140,8
DA:141,8
DA:143,8
DA:145,32
DA:146,11
DA:150,21
DA:151,2
DA:152,2
DA:155,19
DA:156,19
DA:157,1
DA:160,18
DA:163,18
DA:164,18
DA:165,15
DA:168,14
DA:169,14
DA:170,14
DA:174,8
DA:175,17
DA:178,5
DA:187,0
DA:190,0
DA:191,0
DA:192,0
DA:193,0
DA:194,0
DA:196,0
DA:202,0
DA:203,0
DA:204,0
DA:206,0
DA:207,0
DA:211,0
DA:212,0
DA:214,0
DA:216,0
DA:226,0
DA:229,0
DA:236,0
DA:239,0
DA:243,0
DA:250,0
DA:257,1
DA:264,0
DA:265,0
DA:266,0
DA:267,0
DA:275,0
DA:276,0
DA:277,0
DA:278,0
DA:286,1
DA:293,1
DA:301,0
DA:304,0
DA:306,0
DA:307,0
DA:308,0
DA:309,0
DA:312,0
DA:313,0
DA:314,0
DA:315,0
DA:318,0
DA:322,0
LF:105
LH:37
BRDA:75,0,0,0
BRDA:83,1,0,0
BRDA:91,2,0,0
BRDA:91,3,0,0
BRDA:91,3,1,0
BRDA:115,4,0,0
BRDA:115,4,1,0
BRDA:117,5,0,0
BRDA:143,6,0,17
BRDA:145,7,0,11
BRDA:150,8,0,2
BRDA:156,9,0,1
BRDA:163,10,0,18
BRDA:163,10,1,6
BRDA:257,11,0,1
BRDA:257,11,1,1
BRDA:265,12,0,0
BRDA:276,13,0,0
BRDA:308,14,0,0
BRDA:313,15,0,0
BRF:20
BRH:8
end_of_record
TN:
SF:src/plugins/examplePlugin/index.ts
FN:16,(anonymous_0)
FN:19,(anonymous_1)
FN:28,(anonymous_2)
FN:33,(anonymous_3)
FNF:4
FNH:0
FNDA:0,(anonymous_0)
FNDA:0,(anonymous_1)
FNDA:0,(anonymous_2)
FNDA:0,(anonymous_3)
DA:10,0
DA:17,0
DA:20,0
DA:22,0
DA:25,0
DA:29,0
DA:33,0
DA:34,0
DA:39,0
LF:9
LH:0
BRF:0
BRH:0
end_of_record
TN:
SF:src/sandbox/PluginSandbox.ts
FN:46,(anonymous_9)
FN:57,(anonymous_10)
FN:117,(anonymous_11)
FN:183,(anonymous_12)
FN:189,(anonymous_13)
FN:190,(anonymous_14)
FN:198,(anonymous_15)
FN:199,(anonymous_16)
FN:206,(anonymous_17)
FNF:9
FNH:0
FNDA:0,(anonymous_9)
FNDA:0,(anonymous_10)
FNDA:0,(anonymous_11)
FNDA:0,(anonymous_12)
FNDA:0,(anonymous_13)
FNDA:0,(anonymous_14)
FNDA:0,(anonymous_15)
FNDA:0,(anonymous_16)
FNDA:0,(anonymous_17)
DA:14,0
DA:43,0
DA:47,0
DA:62,0
DA:64,0
DA:66,0
DA:83,0
DA:85,0
DA:88,0
DA:94,0
DA:100,0
DA:102,0
DA:126,0
DA:128,0
DA:130,0
DA:143,0
DA:145,0
DA:148,0
DA:154,0
DA:160,0
DA:166,0
DA:168,0
DA:187,0
DA:189,0
DA:190,0
DA:191,0
DA:197,0
DA:198,0
DA:200,0
DA:201,0
DA:207,0
DA:208,0
LF:32
LH:0
BRDA:57,0,0,0
BRDA:59,1,0,0
BRDA:60,2,0,0
BRDA:61,3,0,0
BRDA:76,4,0,0
BRDA:76,4,1,0
BRDA:104,5,0,0
BRDA:104,5,1,0
BRDA:119,6,0,0
BRDA:120,7,0,0
BRDA:123,8,0,0
BRDA:124,9,0,0
BRDA:125,10,0,0
BRDA:137,11,0,0
BRDA:137,11,1,0
BRDA:170,12,0,0
BRDA:170,12,1,0
BRDA:185,13,0,0
BRDA:187,14,0,0
BRDA:210,15,0,0
BRDA:210,15,1,0
BRF:21
BRH:0
end_of_record
TN:
SF:src/types/plugin.ts
FN:88,isPlugin
FNF:1
FNH:0
FNDA:0,isPlugin
DA:88,1
DA:89,0
DA:90,0
DA:93,0
DA:95,0
LF:5
LH:1
BRDA:89,0,0,0
BRDA:89,1,0,0
BRDA:89,1,1,0
BRDA:96,2,0,0
BRDA:96,2,1,0
BRDA:96,2,2,0
BRDA:96,2,3,0
BRDA:96,2,4,0
BRF:8
BRH:0
end_of_record
